<?xml version="1.0" encoding="UTF-8"?>
<testsuite xmlns:xsi="http://www.w3.org/2001/XMLSchema-instance" xsi:noNamespaceSchemaLocation="https://maven.apache.org/surefire/maven-surefire-plugin/xsd/surefire-test-report-3.0.xsd" version="3.0" name="ru.demo.services.NotificationServiceTest" time="2.863" tests="1" errors="0" skipped="0" failures="0">
  <properties>
[...]
</properties>
  <testcase name="shouldCallFallback_whenExceptionThrown" classname="ru.demo.services.NotificationServiceTest" time="0.724">
    <system-out><![CDATA[13:17:41.365 [main] INFO org.springframework.test.context.support.AnnotationConfigContextLoaderUtils -- Could not detect default configuration classes for test class [ru.demo.services.NotificationServiceTest]: NotificationServiceTest does not declare any static, non-private, non-final, nested classes annotated with @Configuration.
13:17:41.461 [main] INFO org.springframework.boot.test.context.SpringBootTestContextBootstrapper -- Found @SpringBootConfiguration ru.demo.ServiceNotificationApplication for test class ru.demo.services.NotificationServiceTest

  .   ____          _            __ _ _
 /\\ / ___'_ __ _ _(_)_ __  __ _ \ \ \ \
( ( )\___ | '_ | '_| | '_ \/ _` | \ \ \ \
 \\/  ___)| |_)| | | | | || (_| |  ) ) ) )
  '  |____| .__|_| |_|_| |_\__, | / / / /
 =========|_|==============|___/=/_/_/_/

 :: Spring Boot ::                (v3.3.5)

2026-03-26T13:17:41.893+01:00  INFO 14818 --- [notification-service] [           main] r.demo.services.NotificationServiceTest  : Starting NotificationServiceTest using Java 22.0.1 with PID 14818 (started by vita in /Users/vita/Documents/2025-10-Spring-Course/spring-17/service-notification)
2026-03-26T13:17:41.894+01:00  INFO 14818 --- [notification-service] [           main] r.demo.services.NotificationServiceTest  : No active profile set, falling back to 1 default profile: "default"
2026-03-26T13:17:42.693+01:00  INFO 14818 --- [notification-service] [           main] o.s.cloud.context.scope.GenericScope     : BeanFactory id=8634356c-a78e-3333-ab87-95ddc06fc0ef
2026-03-26T13:17:43.353+01:00  INFO 14818 --- [notification-service] [           main] r.demo.services.NotificationServiceTest  : Started NotificationServiceTest in 1.783 seconds (process running for 2.545)
2026-03-26T13:17:44.076+01:00  WARN 14818 --- [notification-service] [           main] ru.demo.services.NotificationService     : Notification service unavailable for user 1. Reason: Simulated failure
]]></system-out>
    <system-err><![CDATA[WARNING: A Java agent has been loaded dynamically (/Users/vita/.m2/repository/net/bytebuddy/byte-buddy-agent/1.14.19/byte-buddy-agent-1.14.19.jar)
WARNING: If a serviceability tool is in use, please run with -XX:+EnableDynamicAgentLoading to hide this warning
WARNING: If a serviceability tool is not in use, please run with -Djdk.instrument.traceUsage for more information
WARNING: Dynamic loading of agents will be disallowed by default in a future release
]]></system-err>
  </testcase>
</testsuite>